Arguments: 
  C:\Program Files\nodejs\node.exe C:\Users\Administrator.EQCBP5C4EBIYX3U\AppData\Roaming\npm\node_modules\yarn\bin\yarn.js install --silent

PATH: 
  C:\windows\system32;C:\windows;C:\windows\System32\Wbem;C:\windows\System32\WindowsPowerShell\v1.0\;C:\Program Files\nodejs\;C:\Users\Administrator.EQCBP5C4EBIYX3U\AppData\Local\Programs\Microsoft VS Code\bin;C:\Users\Administrator.EQCBP5C4EBIYX3U\.npminstall_tarball;C:\Program Files (x86)\Git\bin;C:\Program Files (x86)\Git\usr\bin;C:\Users\Administrator.EQCBP5C4EBIYX3U\AppData\Roaming\npm

Yarn version: 
  1.10.1

Node version: 
  8.11.4

Platform: 
  win32 x64

Trace: 
  Error: https://codeload.github.com/expo/react-native-maps/tar.gz/e6f98ff7272e5d0a7fe974a41f28593af2d77bb2: ESOCKETTIMEDOUT
      at ClientRequest.<anonymous> (C:\Users\Administrator.EQCBP5C4EBIYX3U\AppData\Roaming\npm\node_modules\yarn\lib\cli.js:120793:19)
      at Object.onceWrapper (events.js:313:30)
      at emitNone (events.js:106:13)
      at ClientRequest.emit (events.js:208:7)
      at TLSSocket.emitTimeout (_http_client.js:706:34)
      at Object.onceWrapper (events.js:313:30)
      at emitNone (events.js:106:13)
      at TLSSocket.emit (events.js:208:7)
      at TLSSocket.Socket._onTimeout (net.js:410:8)
      at ontimeout (timers.js:498:11)

npm manifest: 
  {
    "main": "node_modules/expo/AppEntry.js",
    "scripts": {
      "start": "expo start",
      "android": "expo start --android",
      "ios": "expo start --ios",
      "eject": "expo eject"
    },
    "dependencies": {
      "expo": "^31.0.2",
      "react": "16.5.0",
      "react-native": "https://github.com/expo/react-native/archive/sdk-31.0.0.tar.gz"
    },
    "devDependencies": {
      "babel-preset-expo": "^5.0.0"
    },
    "private": true
  }

yarn manifest: 
  No manifest

Lockfile: 
  No lockfile
